  main.cpp
D:\BaiduSyncdisk\文都工作\2、线下课资料备案\C++班级git仓库\CZ-1C++3班\C++day7-8月8日-STL顺序表\8月8日代码\C++day7-8月8日-STL顺序表\vector.h(252,12): warning C4244: “初始化”: 从“__int64”转换到“int”，可能丢失数据
D:\BaiduSyncdisk\文都工作\2、线下课资料备案\C++班级git仓库\CZ-1C++3班\C++day7-8月8日-STL顺序表\8月8日代码\C++day7-8月8日-STL顺序表\vector.h(251): message : 在编译 类 模板 成员函数“int *Cpang::Vector<int>::earse(int *,int *)”时
D:\BaiduSyncdisk\文都工作\2、线下课资料备案\C++班级git仓库\CZ-1C++3班\C++day7-8月8日-STL顺序表\8月8日代码\C++day7-8月8日-STL顺序表\main.cpp(66): message : 查看对正在编译的函数 模板 实例化“int *Cpang::Vector<int>::earse(int *,int *)”的引用
D:\BaiduSyncdisk\文都工作\2、线下课资料备案\C++班级git仓库\CZ-1C++3班\C++day7-8月8日-STL顺序表\8月8日代码\C++day7-8月8日-STL顺序表\main.cpp(13): message : 查看对正在编译的 类 模板 实例化“Cpang::Vector<int>”的引用
D:\BaiduSyncdisk\文都工作\2、线下课资料备案\C++班级git仓库\CZ-1C++3班\C++day7-8月8日-STL顺序表\8月8日代码\C++day7-8月8日-STL顺序表\vector.h(254,15): warning C4244: “=”: 从“__int64”转换到“int”，可能丢失数据
D:\BaiduSyncdisk\文都工作\2、线下课资料备案\C++班级git仓库\CZ-1C++3班\C++day7-8月8日-STL顺序表\8月8日代码\C++day7-8月8日-STL顺序表\vector.h(219,12): warning C4244: “初始化”: 从“__int64”转换到“int”，可能丢失数据
D:\BaiduSyncdisk\文都工作\2、线下课资料备案\C++班级git仓库\CZ-1C++3班\C++day7-8月8日-STL顺序表\8月8日代码\C++day7-8月8日-STL顺序表\vector.h(218): message : 在编译 类 模板 成员函数“int *Cpang::Vector<int>::insert(int *,int *,int *)”时
D:\BaiduSyncdisk\文都工作\2、线下课资料备案\C++班级git仓库\CZ-1C++3班\C++day7-8月8日-STL顺序表\8月8日代码\C++day7-8月8日-STL顺序表\main.cpp(65): message : 查看对正在编译的函数 模板 实例化“int *Cpang::Vector<int>::insert(int *,int *,int *)”的引用
D:\BaiduSyncdisk\文都工作\2、线下课资料备案\C++班级git仓库\CZ-1C++3班\C++day7-8月8日-STL顺序表\8月8日代码\C++day7-8月8日-STL顺序表\vector.h(220,13): warning C4244: “初始化”: 从“__int64”转换到“int”，可能丢失数据
D:\BaiduSyncdisk\文都工作\2、线下课资料备案\C++班级git仓库\CZ-1C++3班\C++day7-8月8日-STL顺序表\8月8日代码\C++day7-8月8日-STL顺序表\vector.h(227,1): warning C4267: “=”: 从“size_t”转换到“int”，可能丢失数据
D:\BaiduSyncdisk\文都工作\2、线下课资料备案\C++班级git仓库\CZ-1C++3班\C++day7-8月8日-STL顺序表\8月8日代码\C++day7-8月8日-STL顺序表\vector.h(221,8): warning C4101: “ist”: 未引用的局部变量
D:\BaiduSyncdisk\文都工作\2、线下课资料备案\C++班级git仓库\CZ-1C++3班\C++day7-8月8日-STL顺序表\8月8日代码\C++day7-8月8日-STL顺序表\vector.h(221,13): warning C4101: “ied”: 未引用的局部变量
D:\BaiduSyncdisk\文都工作\2、线下课资料备案\C++班级git仓库\CZ-1C++3班\C++day7-8月8日-STL顺序表\8月8日代码\C++day7-8月8日-STL顺序表\vector.h(141,1): warning C4267: “初始化”: 从“size_t”转换到“int”，可能丢失数据
D:\BaiduSyncdisk\文都工作\2、线下课资料备案\C++班级git仓库\CZ-1C++3班\C++day7-8月8日-STL顺序表\8月8日代码\C++day7-8月8日-STL顺序表\vector.h(140): message : 在编译 类 模板 成员函数“void Cpang::Vector<int>::reserve(size_t)”时
D:\BaiduSyncdisk\文都工作\2、线下课资料备案\C++班级git仓库\CZ-1C++3班\C++day7-8月8日-STL顺序表\8月8日代码\C++day7-8月8日-STL顺序表\main.cpp(57): message : 查看对正在编译的函数 模板 实例化“void Cpang::Vector<int>::reserve(size_t)”的引用
D:\BaiduSyncdisk\文都工作\2、线下课资料备案\C++班级git仓库\CZ-1C++3班\C++day7-8月8日-STL顺序表\8月8日代码\C++day7-8月8日-STL顺序表\vector.h(129,1): warning C4267: “初始化”: 从“size_t”转换到“int”，可能丢失数据
D:\BaiduSyncdisk\文都工作\2、线下课资料备案\C++班级git仓库\CZ-1C++3班\C++day7-8月8日-STL顺序表\8月8日代码\C++day7-8月8日-STL顺序表\vector.h(128): message : 在编译 类 模板 成员函数“void Cpang::Vector<int>::resize(size_t,const T &)”时
          with
          [
              T=int
          ]
D:\BaiduSyncdisk\文都工作\2、线下课资料备案\C++班级git仓库\CZ-1C++3班\C++day7-8月8日-STL顺序表\8月8日代码\C++day7-8月8日-STL顺序表\main.cpp(59): message : 查看对正在编译的函数 模板 实例化“void Cpang::Vector<int>::resize(size_t,const T &)”的引用
          with
          [
              T=int
          ]
D:\BaiduSyncdisk\文都工作\2、线下课资料备案\C++班级git仓库\CZ-1C++3班\C++day7-8月8日-STL顺序表\8月8日代码\C++day7-8月8日-STL顺序表\vector.h(48,13): warning C4244: “初始化”: 从“__int64”转换到“int”，可能丢失数据
D:\BaiduSyncdisk\文都工作\2、线下课资料备案\C++班级git仓库\CZ-1C++3班\C++day7-8月8日-STL顺序表\8月8日代码\C++day7-8月8日-STL顺序表\vector.h(46): message : 在编译 类 模板 成员函数“Cpang::Vector<int>::Vector(int *,int *)”时
D:\BaiduSyncdisk\文都工作\2、线下课资料备案\C++班级git仓库\CZ-1C++3班\C++day7-8月8日-STL顺序表\8月8日代码\C++day7-8月8日-STL顺序表\main.cpp(63): message : 查看对正在编译的函数 模板 实例化“Cpang::Vector<int>::Vector(int *,int *)”的引用
D:\BaiduSyncdisk\文都工作\2、线下课资料备案\C++班级git仓库\CZ-1C++3班\C++day7-8月8日-STL顺序表\8月8日代码\C++day7-8月8日-STL顺序表\vector.h(49,1): warning C4267: “初始化”: 从“size_t”转换到“int”，可能丢失数据
D:\BaiduSyncdisk\文都工作\2、线下课资料备案\C++班级git仓库\CZ-1C++3班\C++day7-8月8日-STL顺序表\8月8日代码\C++day7-8月8日-STL顺序表\vector.h(35,1): warning C4267: “初始化”: 从“size_t”转换到“int”，可能丢失数据
D:\BaiduSyncdisk\文都工作\2、线下课资料备案\C++班级git仓库\CZ-1C++3班\C++day7-8月8日-STL顺序表\8月8日代码\C++day7-8月8日-STL顺序表\vector.h(33): message : 在编译 类 模板 成员函数“Cpang::Vector<int>::Vector(size_t,const T &)”时
          with
          [
              T=int
          ]
D:\BaiduSyncdisk\文都工作\2、线下课资料备案\C++班级git仓库\CZ-1C++3班\C++day7-8月8日-STL顺序表\8月8日代码\C++day7-8月8日-STL顺序表\main.cpp(13): message : 查看对正在编译的函数 模板 实例化“Cpang::Vector<int>::Vector(size_t,const T &)”的引用
          with
          [
              T=int
          ]
D:\BaiduSyncdisk\文都工作\2、线下课资料备案\C++班级git仓库\CZ-1C++3班\C++day7-8月8日-STL顺序表\8月8日代码\C++day7-8月8日-STL顺序表\vector.h(284,1): warning C4267: “初始化”: 从“size_t”转换到“int”，可能丢失数据
D:\BaiduSyncdisk\文都工作\2、线下课资料备案\C++班级git仓库\CZ-1C++3班\C++day7-8月8日-STL顺序表\8月8日代码\C++day7-8月8日-STL顺序表\vector.h(281): message : 在编译 类 模板 成员函数“void Cpang::Vector<int>::check_capacity(void)”时
D:\BaiduSyncdisk\文都工作\2、线下课资料备案\C++班级git仓库\CZ-1C++3班\C++day7-8月8日-STL顺序表\8月8日代码\C++day7-8月8日-STL顺序表\vector.h(224): message : 查看对正在编译的函数 模板 实例化“void Cpang::Vector<int>::check_capacity(void)”的引用
D:\BaiduSyncdisk\文都工作\2、线下课资料备案\C++班级git仓库\CZ-1C++3班\C++day7-8月8日-STL顺序表\8月8日代码\C++day7-8月8日-STL顺序表\vector.h(285,1): warning C4267: “初始化”: 从“size_t”转换到“int”，可能丢失数据
  C++day7-8月8日-STL顺序表.vcxproj -> D:\BaiduSyncdisk\文都工作\2、线下课资料备案\C++班级git仓库\CZ-1C++3班\C++day7-8月8日-STL顺序表\8月8日代码\C++day7-8月8日-STL顺序表\x64\Debug\C++day7-8月8日-STL顺序表.exe
